<?xml version="1.0" encoding="UTF-8"?>
<testng-results ignored="0" total="3" passed="3" failed="0" skipped="0">
  <reporter-output>
  </reporter-output>
  <suite started-at="2026-07-21T09:39:13 IST" name="Surefire suite" finished-at="2026-07-21T09:40:23 IST" duration-ms="70358">
    <groups>
    </groups>
    <test started-at="2026-07-21T09:39:13 IST" name="Surefire test" finished-at="2026-07-21T09:40:23 IST" duration-ms="70358">
      <class name="com.JenkinsCICDDemoTest.JenkinsCICDTest">
        <test-method signature="NavigateDemo()[pri:0, instance:com.JenkinsCICDDemoTest.JenkinsCICDTest@54a7079e]" started-at="2026-07-21T09:39:13 IST" name="NavigateDemo" finished-at="2026-07-21T09:39:52 IST" duration-ms="39180" status="PASS">
          <reporter-output>
          </reporter-output>
        </test-method> <!-- NavigateDemo -->
        <test-method signature="NavigateBackDemo()[pri:1, instance:com.JenkinsCICDDemoTest.JenkinsCICDTest@54a7079e]" started-at="2026-07-21T09:39:53 IST" name="NavigateBackDemo" finished-at="2026-07-21T09:40:19 IST" duration-ms="26226" status="PASS">
          <reporter-output>
          </reporter-output>
        </test-method> <!-- NavigateBackDemo -->
        <test-method signature="RefreshMethod()[pri:2, instance:com.JenkinsCICDDemoTest.JenkinsCICDTest@54a7079e]" started-at="2026-07-21T09:40:19 IST" name="RefreshMethod" finished-at="2026-07-21T09:40:23 IST" duration-ms="4237" status="PASS">
          <reporter-output>
          </reporter-output>
        </test-method> <!-- RefreshMethod -->
      </class> <!-- com.JenkinsCICDDemoTest.JenkinsCICDTest -->
    </test> <!-- Surefire test -->
  </suite> <!-- Surefire suite -->
</testng-results>
