<?xml version="1.0" encoding="UTF-8"?>
<testsuite xmlns:xsi="http://www.w3.org/2001/XMLSchema-instance" xsi:noNamespaceSchemaLocation="https://maven.apache.org/surefire/maven-surefire-plugin/xsd/surefire-test-report.xsd" version="3.0.2" name="com.JenkinsCICDDemoTest.JenkinsCICDTest" time="72.987" tests="3" errors="0" skipped="0" failures="0">
  <properties>
[...]
</properties>
  <testcase name="NavigateDemo" classname="com.JenkinsCICDDemoTest.JenkinsCICDTest" time="39.61">
    <system-out><![CDATA[https://practicetestautomation.com/practice-test-login/
]]></system-out>
    <system-err><![CDATA[SLF4J(W): No SLF4J providers were found.
SLF4J(W): Defaulting to no-operation (NOP) logger implementation
SLF4J(W): See https://www.slf4j.org/codes.html#noProviders for further details.
Jul 21, 2026 9:39:46 AM org.openqa.selenium.devtools.CdpVersionFinder findNearestMatch
WARNING: Unable to find an exact match for CDP version 150, returning the closest version; found: 149; Please update to a Selenium version that supports CDP version 150
]]></system-err>
  </testcase>
  <testcase name="NavigateBackDemo" classname="com.JenkinsCICDDemoTest.JenkinsCICDTest" time="26.239">
    <system-out><![CDATA[https://www.google.com/
Google
https://login.yahoo.com/
https://www.google.com/?zx=1784607005534
]]></system-out>
    <system-err><![CDATA[Jul 21, 2026 9:39:55 AM org.openqa.selenium.devtools.CdpVersionFinder findNearestMatch
WARNING: Unable to find an exact match for CDP version 150, returning the closest version; found: 149; Please update to a Selenium version that supports CDP version 150
]]></system-err>
  </testcase>
  <testcase name="RefreshMethod" classname="com.JenkinsCICDDemoTest.JenkinsCICDTest" time="4.25">
    <system-out><![CDATA[https://www.google.com/
https://www.google.com/
]]></system-out>
    <system-err><![CDATA[Jul 21, 2026 9:40:21 AM org.openqa.selenium.devtools.CdpVersionFinder findNearestMatch
WARNING: Unable to find an exact match for CDP version 150, returning the closest version; found: 149; Please update to a Selenium version that supports CDP version 150
]]></system-err>
  </testcase>
</testsuite>