<?xml version="1.0" encoding="UTF-8"?>
<testng-results ignored="0" total="1" passed="1" failed="0" skipped="0">
  <reporter-output>
  </reporter-output>
  <suite started-at="2026-07-20T00:38:20 IST" name="Default suite" finished-at="2026-07-20T00:38:24 IST" duration-ms="4570">
    <groups>
    </groups>
    <test started-at="2026-07-20T00:38:20 IST" name="Default test" finished-at="2026-07-20T00:38:24 IST" duration-ms="4570">
      <class name="com.Easycalculation.TestCases.ExecuteAltoroLogin">
        <test-method signature="CheckValidUser()[pri:0, instance:com.Easycalculation.TestCases.ExecuteAltoroLogin@29d80d2b]" started-at="2026-07-20T00:38:20 IST" name="CheckValidUser" finished-at="2026-07-20T00:38:24 IST" duration-ms="4355" status="PASS">
          <reporter-output>
          </reporter-output>
        </test-method> <!-- CheckValidUser -->
      </class> <!-- com.Easycalculation.TestCases.ExecuteAltoroLogin -->
    </test> <!-- Default test -->
  </suite> <!-- Default suite -->
</testng-results>
