<?xml version="1.0" encoding="UTF-8"?>
<testng-results ignored="0" total="1" passed="1" failed="0" skipped="0">
  <reporter-output>
  </reporter-output>
  <suite started-at="2026-07-17T14:34:05 IST" name="Default suite" finished-at="2026-07-17T14:35:50 IST" duration-ms="104707">
    <groups>
    </groups>
    <test started-at="2026-07-17T14:34:05 IST" name="Default test" finished-at="2026-07-17T14:35:50 IST" duration-ms="104707">
      <class name="DataDrivenTesting.DDTTestingUsingCSVFile">
        <test-method is-config="true" signature="setup()[pri:0, instance:DataDrivenTesting.DDTTestingUsingCSVFile@30c15d8b]" started-at="2026-07-17T14:34:05 IST" name="setup" finished-at="2026-07-17T14:34:10 IST" duration-ms="4527" status="PASS">
          <reporter-output>
          </reporter-output>
        </test-method> <!-- setup -->
        <test-method signature="DDDTestingBlog()[pri:0, instance:DataDrivenTesting.DDTTestingUsingCSVFile@30c15d8b]" started-at="2026-07-17T14:34:10 IST" name="DDDTestingBlog" finished-at="2026-07-17T14:35:49 IST" duration-ms="99695" status="PASS">
          <reporter-output>
          </reporter-output>
        </test-method> <!-- DDDTestingBlog -->
        <test-method is-config="true" signature="tearDown()[pri:0, instance:DataDrivenTesting.DDTTestingUsingCSVFile@30c15d8b]" started-at="2026-07-17T14:35:49 IST" name="tearDown" finished-at="2026-07-17T14:35:50 IST" duration-ms="409" status="PASS">
          <reporter-output>
          </reporter-output>
        </test-method> <!-- tearDown -->
      </class> <!-- DataDrivenTesting.DDTTestingUsingCSVFile -->
    </test> <!-- Default test -->
  </suite> <!-- Default suite -->
</testng-results>
