<?xml version="1.0" encoding="UTF-8"?>
<testng-results ignored="0" total="1" passed="1" failed="0" skipped="0">
  <reporter-output>
  </reporter-output>
  <suite started-at="2026-07-17T12:20:50 IST" name="Default suite" finished-at="2026-07-17T12:22:03 IST" duration-ms="73156">
    <groups>
    </groups>
    <test started-at="2026-07-17T12:20:50 IST" name="Default test" finished-at="2026-07-17T12:22:03 IST" duration-ms="73156">
      <class name="SeleniumDriver_Frame.MultipleFrame">
        <test-method signature="Frames()[pri:0, instance:SeleniumDriver_Frame.MultipleFrame@6f1de4c7]" started-at="2026-07-17T12:20:50 IST" name="Frames" finished-at="2026-07-17T12:22:03 IST" duration-ms="73116" status="PASS">
          <reporter-output>
          </reporter-output>
        </test-method> <!-- Frames -->
      </class> <!-- SeleniumDriver_Frame.MultipleFrame -->
    </test> <!-- Default test -->
  </suite> <!-- Default suite -->
</testng-results>
