<?xml version="1.0" encoding="UTF-8"?>
<!-- Generated by org.testng.reporters.JUnitXMLReporter -->
<testsuite ignored="0" hostname="Janasi-Jaiswal" failures="0" tests="3" name="Surefire test" time="70.358" errors="0" timestamp="2026-07-21T09:40:23 IST">
  <testcase classname="com.JenkinsCICDDemoTest.JenkinsCICDTest" name="NavigateDemo" time="39.18"/>
  <testcase classname="com.JenkinsCICDDemoTest.JenkinsCICDTest" name="NavigateBackDemo" time="26.226"/>
  <testcase classname="com.JenkinsCICDDemoTest.JenkinsCICDTest" name="RefreshMethod" time="4.237"/>
</testsuite> <!-- Surefire test -->
