<?xml version="1.0" encoding="UTF-8"?>
<!-- Generated by org.testng.reporters.JUnitReportReporter -->
<testsuite hostname="Janasi-Jaiswal" failures="0" tests="4" name="com.JenkinsCICDDemoTest.SeleniumNevigationCommands" time="28.496" errors="0" timestamp="2026-07-20T16:04:00 IST" skipped="0">
  <testcase classname="com.JenkinsCICDDemoTest.SeleniumNevigationCommands" name="NavigateDemo" time="7.701"/>
  <testcase classname="com.JenkinsCICDDemoTest.SeleniumNevigationCommands" name="NavigateBackDemo" time="7.530"/>
  <testcase classname="com.JenkinsCICDDemoTest.SeleniumNevigationCommands" name="NavigateForward" time="4.284"/>
  <testcase classname="com.JenkinsCICDDemoTest.SeleniumNevigationCommands" name="RefreshMethod" time="8.981"/>
</testsuite> <!-- com.JenkinsCICDDemoTest.SeleniumNevigationCommands -->
