<?xml version="1.0" encoding="UTF-8"?>
<!-- Generated by org.testng.reporters.JUnitReportReporter -->
<testsuite hostname="Janasi-Jaiswal" failures="0" tests="3" name="com.JenkinsCICDDemoTest.JenkinsCICDTest" time="12.258" errors="0" timestamp="2026-07-20T16:12:06 IST" skipped="0">
  <testcase classname="com.JenkinsCICDDemoTest.JenkinsCICDTest" name="NavigateDemo" time="3.405"/>
  <testcase classname="com.JenkinsCICDDemoTest.JenkinsCICDTest" name="NavigateBackDemo" time="6.320"/>
  <testcase classname="com.JenkinsCICDDemoTest.JenkinsCICDTest" name="RefreshMethod" time="2.533"/>
</testsuite> <!-- com.JenkinsCICDDemoTest.JenkinsCICDTest -->
