<?xml version="1.0" encoding="UTF-8"?>
<!-- Generated by org.testng.reporters.JUnitXMLReporter -->
<testsuite ignored="0" hostname="Janasi-Jaiswal" failures="1" tests="9" name="Test" time="567.74" errors="0" timestamp="2026-07-21T10:33:57 IST">
  <testcase classname="SeleniumDriver_Frame.MultipleFrame" name="Frames" time="112.776"/>
  <testcase classname="webdriver.Commands.BrowserCommands" name="ChromeBrowserTest" time="61.414">
    <failure type="java.lang.AssertionError" message="Chrome title verification failed! expected [Holland &amp;amp; Barrett - UK&amp;apos;s Leading Health &amp;amp; Wellbeing Store] but found [Holland &amp;amp; Barrett - UK&amp;apos;s Leading Health &amp;amp; Wellness Shop]">
      <![CDATA[java.lang.AssertionError: Chrome title verification failed! expected [Holland & Barrett - UK's Leading Health & Wellbeing Store] but found [Holland & Barrett - UK's Leading Health & Wellness Shop]
at webdriver.Commands.BrowserCommands.ChromeBrowserTest(BrowserCommands.java:24)
at java.base/java.util.ArrayList.forEach(ArrayList.java:1596)
... Removed 30 stack frames]]>
    </failure>
  </testcase> <!-- ChromeBrowserTest -->
  <testcase classname="webdriver.Commands.BrowserCommands" name="EdgeBrowserTest" time="256.562"/>
  <testcase classname="webdriver.Commands.BrowserCommands" name="FirefoxBrowserTest" time="23.209"/>
  <testcase classname="com.SeleniumWebDriver.SeleniumNevigationCommands" name="NavigateDemo" time="6.354"/>
  <testcase classname="com.SeleniumWebDriver.SeleniumNevigationCommands" name="NavigateBackDemo" time="15.034"/>
  <testcase classname="com.SeleniumWebDriver.SeleniumNevigationCommands" name="NavigateForward" time="25.368"/>
  <testcase classname="com.SeleniumWebDriver.SeleniumNevigationCommands" name="RefreshMethod" time="15.437"/>
  <testcase classname="DropDownBox.ListBox_DropDownBox" name="DropDownList" time="50.955"/>
</testsuite> <!-- Test -->
