<?xml version="1.0" encoding="UTF-8"?>
<testng-results ignored="0" total="1" passed="1" failed="0" skipped="0">
  <reporter-output>
  </reporter-output>
  <suite started-at="2026-07-17T10:51:02 IST" name="Default suite" finished-at="2026-07-17T10:51:32 IST" duration-ms="30066">
    <groups>
    </groups>
    <test started-at="2026-07-17T10:51:02 IST" name="Default test" finished-at="2026-07-17T10:51:32 IST" duration-ms="30066">
      <class name="DropDownBox.ListBox_DropDownBox">
        <test-method signature="DropDownList()[pri:0, instance:DropDownBox.ListBox_DropDownBox@4135c3b]" started-at="2026-07-17T10:51:02 IST" name="DropDownList" finished-at="2026-07-17T10:51:32 IST" duration-ms="29950" status="PASS">
          <reporter-output>
          </reporter-output>
        </test-method> <!-- DropDownList -->
      </class> <!-- DropDownBox.ListBox_DropDownBox -->
    </test> <!-- Default test -->
  </suite> <!-- Default suite -->
</testng-results>
