<?xml version="1.0" encoding="UTF-8"?>
<!-- Generated by org.testng.reporters.JUnitXMLReporter -->
<testsuite ignored="0" hostname="Janasi-Jaiswal" failures="0" tests="3" name="Default test" time="12.393" errors="0" timestamp="2026-07-20T16:12:06 IST">
  <testcase classname="com.JenkinsCICDDemoTest.JenkinsCICDTest" name="NavigateDemo" time="3.405"/>
  <testcase classname="com.JenkinsCICDDemoTest.JenkinsCICDTest" name="NavigateBackDemo" time="6.32"/>
  <testcase classname="com.JenkinsCICDDemoTest.JenkinsCICDTest" name="RefreshMethod" time="2.533"/>
</testsuite> <!-- Default test -->
