<?xml version="1.0" encoding="UTF-8"?>
<!-- Generated by org.testng.reporters.JUnitReportReporter -->
<testsuite hostname="Janasi-Jaiswal" failures="0" tests="3" name="com.JenkinsCICDDemoTest.JenkinsCICDTest" time="69.643" errors="0" timestamp="2026-07-21T09:40:24 IST" skipped="0">
  <testcase classname="com.JenkinsCICDDemoTest.JenkinsCICDTest" name="NavigateDemo" time="39.180"/>
  <testcase classname="com.JenkinsCICDDemoTest.JenkinsCICDTest" name="NavigateBackDemo" time="26.226"/>
  <testcase classname="com.JenkinsCICDDemoTest.JenkinsCICDTest" name="RefreshMethod" time="4.237"/>
</testsuite> <!-- com.JenkinsCICDDemoTest.JenkinsCICDTest -->
