<?xml version="1.0" encoding="UTF-8"?>
<!-- Generated by org.testng.reporters.JUnitReportReporter -->
<testsuite hostname="Janasi-Jaiswal" failures="0" tests="4" name="com.SeleniumWebDriver.SeleniumNevigationCommands" time="62.193" errors="0" timestamp="2026-07-21T10:33:58 IST" skipped="0">
  <testcase classname="com.SeleniumWebDriver.SeleniumNevigationCommands" name="NavigateDemo" time="6.354"/>
  <testcase classname="com.SeleniumWebDriver.SeleniumNevigationCommands" name="NavigateBackDemo" time="15.034"/>
  <testcase classname="com.SeleniumWebDriver.SeleniumNevigationCommands" name="NavigateForward" time="25.368"/>
  <testcase classname="com.SeleniumWebDriver.SeleniumNevigationCommands" name="RefreshMethod" time="15.437"/>
</testsuite> <!-- com.SeleniumWebDriver.SeleniumNevigationCommands -->
