<?xml version="1.0" encoding="UTF-8"?>
<testng-results ignored="0" total="1" passed="1" failed="0" skipped="0">
  <reporter-output>
  </reporter-output>
  <suite started-at="2026-07-15T15:34:25 IST" name="Default suite" finished-at="2026-07-15T15:34:35 IST" duration-ms="10710">
    <groups>
    </groups>
    <test started-at="2026-07-15T15:34:25 IST" name="Default test" finished-at="2026-07-15T15:34:35 IST" duration-ms="10710">
      <class name="com.SeleniumWebDriverLocatorsWebDemo.IDNameXpath">
        <test-method signature="tMLocatorsDemo()[pri:0, instance:com.SeleniumWebDriverLocatorsWebDemo.IDNameXpath@5c6648b0]" started-at="2026-07-15T15:34:25 IST" name="tMLocatorsDemo" finished-at="2026-07-15T15:34:35 IST" duration-ms="10576" status="PASS">
          <reporter-output>
          </reporter-output>
        </test-method> <!-- tMLocatorsDemo -->
      </class> <!-- com.SeleniumWebDriverLocatorsWebDemo.IDNameXpath -->
    </test> <!-- Default test -->
  </suite> <!-- Default suite -->
</testng-results>
