<?xml version="1.0" encoding="UTF-8"?>
<testng-results ignored="0" total="3" passed="3" failed="0" skipped="0">
  <reporter-output>
  </reporter-output>
  <suite started-at="2026-07-20T16:11:54 IST" name="Default suite" finished-at="2026-07-20T16:12:06 IST" duration-ms="12393">
    <groups>
    </groups>
    <test started-at="2026-07-20T16:11:54 IST" name="Default test" finished-at="2026-07-20T16:12:06 IST" duration-ms="12393">
      <class name="com.JenkinsCICDDemoTest.JenkinsCICDTest">
        <test-method signature="NavigateDemo()[pri:0, instance:com.JenkinsCICDDemoTest.JenkinsCICDTest@2657d4dd]" started-at="2026-07-20T16:11:54 IST" name="NavigateDemo" finished-at="2026-07-20T16:11:57 IST" duration-ms="3405" status="PASS">
          <reporter-output>
          </reporter-output>
        </test-method> <!-- NavigateDemo -->
        <test-method signature="NavigateBackDemo()[pri:1, instance:com.JenkinsCICDDemoTest.JenkinsCICDTest@2657d4dd]" started-at="2026-07-20T16:11:57 IST" name="NavigateBackDemo" finished-at="2026-07-20T16:12:03 IST" duration-ms="6320" status="PASS">
          <reporter-output>
          </reporter-output>
        </test-method> <!-- NavigateBackDemo -->
        <test-method signature="RefreshMethod()[pri:2, instance:com.JenkinsCICDDemoTest.JenkinsCICDTest@2657d4dd]" started-at="2026-07-20T16:12:03 IST" name="RefreshMethod" finished-at="2026-07-20T16:12:06 IST" duration-ms="2533" status="PASS">
          <reporter-output>
          </reporter-output>
        </test-method> <!-- RefreshMethod -->
      </class> <!-- com.JenkinsCICDDemoTest.JenkinsCICDTest -->
    </test> <!-- Default test -->
  </suite> <!-- Default suite -->
</testng-results>
