<?xml version="1.0" encoding="UTF-8"?>
<testng-results ignored="0" total="9" passed="8" failed="1" skipped="0">
  <reporter-output>
  </reporter-output>
  <suite started-at="2026-07-21T10:24:29 IST" name="Suite" finished-at="2026-07-21T10:33:57 IST" duration-ms="567740">
    <groups>
    </groups>
    <test started-at="2026-07-21T10:24:29 IST" name="Test" finished-at="2026-07-21T10:33:57 IST" duration-ms="567740">
      <class name="SeleniumDriver_Frame.MultipleFrame">
        <test-method signature="Frames()[pri:0, instance:SeleniumDriver_Frame.MultipleFrame@5c86dbc5]" started-at="2026-07-21T10:24:30 IST" name="Frames" finished-at="2026-07-21T10:26:22 IST" duration-ms="112776" status="PASS">
          <reporter-output>
          </reporter-output>
        </test-method> <!-- Frames -->
      </class> <!-- SeleniumDriver_Frame.MultipleFrame -->
      <class name="webdriver.Commands.BrowserCommands">
        <test-method signature="ChromeBrowserTest()[pri:0, instance:webdriver.Commands.BrowserCommands@461ad730]" started-at="2026-07-21T10:26:23 IST" name="ChromeBrowserTest" finished-at="2026-07-21T10:27:24 IST" duration-ms="61414" status="FAIL">
          <exception class="java.lang.AssertionError">
            <message>
              <![CDATA[Chrome title verification failed! expected [Holland & Barrett - UK's Leading Health & Wellbeing Store] but found [Holland & Barrett - UK's Leading Health & Wellness Shop]]]>
            </message>
            <full-stacktrace>
              <![CDATA[java.lang.AssertionError: Chrome title verification failed! expected [Holland & Barrett - UK's Leading Health & Wellbeing Store] but found [Holland & Barrett - UK's Leading Health & Wellness Shop]
at org.testng.Assert.fail(Assert.java:111)
at org.testng.Assert.failNotEquals(Assert.java:1590)
at org.testng.Assert.assertEqualsImpl(Assert.java:150)
at org.testng.Assert.assertEquals(Assert.java:132)
at org.testng.Assert.assertEquals(Assert.java:656)
at webdriver.Commands.BrowserCommands.ChromeBrowserTest(BrowserCommands.java:24)
at java.base/jdk.internal.reflect.DirectMethodHandleAccessor.invoke(DirectMethodHandleAccessor.java:103)
at java.base/java.lang.reflect.Method.invoke(Method.java:580)
at org.testng.internal.invokers.MethodInvocationHelper.invokeMethod(MethodInvocationHelper.java:141)
at org.testng.internal.invokers.TestInvoker.invokeMethod(TestInvoker.java:697)
at org.testng.internal.invokers.TestInvoker.invokeTestMethod(TestInvoker.java:230)
at org.testng.internal.invokers.MethodRunner.runInSequence(MethodRunner.java:63)
at org.testng.internal.invokers.TestInvoker$MethodInvocationAgent.invoke(TestInvoker.java:1005)
at org.testng.internal.invokers.TestInvoker.invokeTestMethods(TestInvoker.java:203)
at org.testng.internal.invokers.TestMethodWorker.invokeTestMethods(TestMethodWorker.java:154)
at org.testng.internal.invokers.TestMethodWorker.run(TestMethodWorker.java:134)
at java.base/java.util.ArrayList.forEach(ArrayList.java:1596)
at org.testng.TestRunner.privateRun(TestRunner.java:744)
at org.testng.TestRunner.run(TestRunner.java:616)
at org.testng.SuiteRunner.runTest(SuiteRunner.java:421)
at org.testng.SuiteRunner.runSequentially(SuiteRunner.java:413)
at org.testng.SuiteRunner.privateRun(SuiteRunner.java:373)
at org.testng.SuiteRunner.run(SuiteRunner.java:312)
at org.testng.SuiteRunnerWorker.runSuite(SuiteRunnerWorker.java:52)
at org.testng.SuiteRunnerWorker.run(SuiteRunnerWorker.java:95)
at org.testng.TestNG.runSuitesSequentially(TestNG.java:1274)
at org.testng.TestNG.runSuitesLocally(TestNG.java:1208)
at org.testng.TestNG.runSuites(TestNG.java:1112)
at org.testng.TestNG.run(TestNG.java:1079)
at org.testng.remote.AbstractRemoteTestNG.run(AbstractRemoteTestNG.java:115)
at org.testng.remote.RemoteTestNG.initAndRun(RemoteTestNG.java:293)
at org.testng.remote.RemoteTestNG.main(RemoteTestNG.java:91)
]]>
            </full-stacktrace>
          </exception> <!-- java.lang.AssertionError -->
          <reporter-output>
          </reporter-output>
        </test-method> <!-- ChromeBrowserTest -->
        <test-method signature="EdgeBrowserTest()[pri:1, instance:webdriver.Commands.BrowserCommands@461ad730]" started-at="2026-07-21T10:27:24 IST" name="EdgeBrowserTest" finished-at="2026-07-21T10:31:41 IST" duration-ms="256562" status="PASS">
          <reporter-output>
          </reporter-output>
        </test-method> <!-- EdgeBrowserTest -->
        <test-method signature="FirefoxBrowserTest()[pri:2, instance:webdriver.Commands.BrowserCommands@461ad730]" started-at="2026-07-21T10:31:41 IST" name="FirefoxBrowserTest" finished-at="2026-07-21T10:32:04 IST" duration-ms="23209" status="PASS">
          <reporter-output>
          </reporter-output>
        </test-method> <!-- FirefoxBrowserTest -->
      </class> <!-- webdriver.Commands.BrowserCommands -->
      <class name="com.SeleniumWebDriver.SeleniumNevigationCommands">
        <test-method signature="NavigateDemo()[pri:0, instance:com.SeleniumWebDriver.SeleniumNevigationCommands@4ee203eb]" started-at="2026-07-21T10:32:04 IST" name="NavigateDemo" finished-at="2026-07-21T10:32:10 IST" duration-ms="6354" status="PASS">
          <reporter-output>
          </reporter-output>
        </test-method> <!-- NavigateDemo -->
        <test-method signature="NavigateBackDemo()[pri:1, instance:com.SeleniumWebDriver.SeleniumNevigationCommands@4ee203eb]" started-at="2026-07-21T10:32:10 IST" name="NavigateBackDemo" finished-at="2026-07-21T10:32:25 IST" duration-ms="15034" status="PASS">
          <reporter-output>
          </reporter-output>
        </test-method> <!-- NavigateBackDemo -->
        <test-method signature="NavigateForward()[pri:2, instance:com.SeleniumWebDriver.SeleniumNevigationCommands@4ee203eb]" started-at="2026-07-21T10:32:25 IST" name="NavigateForward" finished-at="2026-07-21T10:32:51 IST" duration-ms="25368" status="PASS">
          <reporter-output>
          </reporter-output>
        </test-method> <!-- NavigateForward -->
        <test-method signature="RefreshMethod()[pri:3, instance:com.SeleniumWebDriver.SeleniumNevigationCommands@4ee203eb]" started-at="2026-07-21T10:32:51 IST" name="RefreshMethod" finished-at="2026-07-21T10:33:06 IST" duration-ms="15437" status="PASS">
          <reporter-output>
          </reporter-output>
        </test-method> <!-- RefreshMethod -->
      </class> <!-- com.SeleniumWebDriver.SeleniumNevigationCommands -->
      <class name="DropDownBox.ListBox_DropDownBox">
        <test-method signature="DropDownList()[pri:0, instance:DropDownBox.ListBox_DropDownBox@1a5a4e19]" started-at="2026-07-21T10:33:06 IST" name="DropDownList" finished-at="2026-07-21T10:33:57 IST" duration-ms="50955" status="PASS">
          <reporter-output>
          </reporter-output>
        </test-method> <!-- DropDownList -->
      </class> <!-- DropDownBox.ListBox_DropDownBox -->
    </test> <!-- Test -->
  </suite> <!-- Suite -->
</testng-results>
